<?xml version="1.0" encoding="UTF-8"?>
<!-- Generated by org.testng.reporters.JUnitXMLReporter -->
<testsuite ignored="0" hostname="Naimatullah-Khan-G8" failures="1" tests="1" name="LoginTests" time="20.275" errors="0" timestamp="2025-04-20T21:18:21 PKT">
  <testcase classname="tests.LoginPageTests" name="ValidLoginTest" time="1.028">
    <failure type="java.lang.AssertionError" message="expected [Just a moment...] but found [nopCommerce demo store. Login]">
      <![CDATA[java.lang.AssertionError: expected [Just a moment...] but found [nopCommerce demo store. Login]
at tests.LoginPageTests.ValidLoginTest(LoginPageTests.java:56)
at java.base/java.util.ArrayList.forEach(ArrayList.java:1596)
... Removed 31 stack frames]]>
    </failure>
  </testcase> <!-- ValidLoginTest -->
</testsuite> <!-- LoginTests -->
